[debug] > Exec(early(addDefaultCommands), None, None)
[debug] > Exec(addDefaultCommands, None, None)
[debug] > Exec(early(initialize), None, None)
[debug] > Exec(initialize, None, None)
[debug] > Exec(early(addPluginSbtFile="""C:\Users\Alexey\AppData\Local\Temp\idea1.sbt"""), None, None)
[debug] > Exec(addPluginSbtFile="""C:\Users\Alexey\AppData\Local\Temp\idea1.sbt""", None, None)
[debug] > Exec(boot, None, None)
[debug] > Exec(writeSbtVersion, None, None)
[debug] > Exec(reload, None, None)
[debug] > Exec(sbtStashOnFailure, None, None)
[debug] > Exec(onFailure loadFailed, None, None)
[debug] > Exec(loadp, None, None)
[info] welcome to sbt 1.4.4 (Oracle Corporation Java 1.8.0_271)
[debug]       Load.loadUnit: plugins took 58.4601ms
[debug]       Load.loadUnit: defsScala took 0.244ms
[debug] [Loading] Scanning directory C:\Users\Alexey\.sbt\1.0\plugins
[debug] [Loading] Found non-root projects 
[debug] [Loading] Done in C:\Users\Alexey\.sbt\1.0\plugins, returning: ()
[debug] deducing auto plugins based on known facts Set(Atom(sbt.plugins.CorePlugin)) and clauses Clauses(List(Clause(Atom(sbt.plugins.JvmPlugin),Set(Atom(sbt.plugins.IvyPlugin))), Clause(Atom(sbt.ScriptedPlugin),Set(Atom(sbt.plugins.JvmPlugin))), Clause(Atom(sbt.plugins.SbtPlugin),Set(Atom(sbt.ScriptedPlugin))), Clause(Atom(sbt.plugins.SemanticdbPlugin),Set(Atom(sbt.plugins.JvmPlugin))), Clause(Atom(sbt.plugins.JUnitXmlReportPlugin),Set(Atom(sbt.plugins.JvmPlugin))), Clause(Atom(sbt.plugins.MiniDependencyTreePlugin),Set(Atom(sbt.plugins.JvmPlugin))), Clause(Atom(sbt.plugins.CorePlugin),Set(Atom(sbt.plugins.IvyPlugin))), Clause(Atom(sbt.plugins.IvyPlugin),Set(Atom(sbt.plugins.JvmPlugin))), Clause(Atom(sbt.plugins.JvmPlugin),Set(Atom(sbt.plugins.SemanticdbPlugin))), Clause(Atom(sbt.plugins.JvmPlugin),Set(Atom(sbt.plugins.JUnitXmlReportPlugin))), Clause(Atom(sbt.plugins.CorePlugin),Set(Atom(sbt.plugins.Giter8TemplatePlugin))), Clause(Atom(sbt.plugins.JvmPlugin),Set(Atom(sbt.plugins.MiniDependencyTreePlugin)))))
[debug]   :: deduced result: Matched(sbt.plugins.CorePlugin,sbt.plugins.Giter8TemplatePlugin,sbt.plugins.IvyPlugin,sbt.plugins.JvmPlugin,sbt.plugins.MiniDependencyTreePlugin,sbt.plugins.JUnitXmlReportPlugin,sbt.plugins.SemanticdbPlugin)
[debug] Plugins.deducer#function took 15.0525 ms
[debug]           Load.resolveProject(global-plugins) took 34.4058ms
[debug]         Load.loadTransitive: finalizeProject(Project(id global-plugins, base: C:\Users\Alexey\.sbt\1.0\plugins, plugins: List(<none>))) took 69.6904ms
[debug] [Loading] Done in C:\Users\Alexey\.sbt\1.0\plugins, returning: (global-plugins)
[debug]       Load.loadUnit: loadedProjectsRaw took 84.0139ms
[debug]       Load.loadUnit: cleanEvalClasses took 0.2063ms
[debug]     Load.loadUnit(file:/C:/Users/Alexey/.sbt/1.0/plugins/, ...) took 148.0934ms
[debug]   Load.apply: load took 250.8341ms
[debug]   Load.apply: resolveProjects took 4.4997ms
[debug]   Load.apply: finalTransforms took 39.9299ms
[debug]   Load.apply: config.delegates took 6.1459ms
[debug]   Load.apply: Def.make(settings)... took 502.1129ms
[debug]   Load.apply: structureIndex took 61.0108ms
[debug]   Load.apply: mkStreams took 1.1336ms
[info] loading global plugins from C:\Users\Alexey\.sbt\1.0\plugins
[debug] Running task... Cancel: Signal, check cycles: false, forcegc: true
[debug] Load.defaultLoad until apply took 1901.8736ms
[debug]           Load.loadUnit: plugins took 16.8724ms
[debug]           Load.loadUnit: defsScala took 0.0029ms
[debug] [Loading] Scanning directory C:\Users\Alexey\IdeaProjects\Vkusno\project
[debug]             Load.loadUnit: mkEval took 6.8041ms
[debug] [Loading] Found non-root projects 
[debug] [Loading] Done in C:\Users\Alexey\IdeaProjects\Vkusno\project, returning: ()
[debug] deducing auto plugins based on known facts Set(Atom(sbt.plugins.CorePlugin)) and clauses Clauses(List(Clause(Atom(sbt.plugins.JvmPlugin),Set(Atom(sbt.plugins.IvyPlugin))), Clause(Atom(sbt.ScriptedPlugin),Set(Atom(sbt.plugins.JvmPlugin))), Clause(Atom(sbt.plugins.SbtPlugin),Set(Atom(sbt.ScriptedPlugin))), Clause(Atom(sbt.plugins.SemanticdbPlugin),Set(Atom(sbt.plugins.JvmPlugin))), Clause(Atom(sbt.plugins.JUnitXmlReportPlugin),Set(Atom(sbt.plugins.JvmPlugin))), Clause(Atom(sbt.plugins.MiniDependencyTreePlugin),Set(Atom(sbt.plugins.JvmPlugin))), Clause(Atom(sbt.plugins.CorePlugin),Set(Atom(sbt.plugins.IvyPlugin))), Clause(Atom(sbt.plugins.IvyPlugin),Set(Atom(sbt.plugins.JvmPlugin))), Clause(Atom(sbt.plugins.JvmPlugin),Set(Atom(sbt.plugins.SemanticdbPlugin))), Clause(Atom(sbt.plugins.JvmPlugin),Set(Atom(sbt.plugins.JUnitXmlReportPlugin))), Clause(Atom(sbt.plugins.CorePlugin),Set(Atom(sbt.plugins.Giter8TemplatePlugin))), Clause(Atom(sbt.plugins.JvmPlugin),Set(Atom(sbt.plugins.MiniDependencyTreePlugin)))))
[debug]   :: deduced result: Matched(sbt.plugins.CorePlugin,sbt.plugins.Giter8TemplatePlugin,sbt.plugins.IvyPlugin,sbt.plugins.JvmPlugin,sbt.plugins.MiniDependencyTreePlugin,sbt.plugins.JUnitXmlReportPlugin,sbt.plugins.SemanticdbPlugin)
[debug] Plugins.deducer#function took 1.1134 ms
[info] loading settings for project vkusno-build from idea1.sbt ...
[debug]               Load.resolveProject(vkusno-build) took 2.0076ms
[debug]             Load.loadTransitive: finalizeProject(Project(id vkusno-build, base: C:\Users\Alexey\IdeaProjects\Vkusno\project, plugins: List(<none>))) took 3.4781ms
[debug] [Loading] Done in C:\Users\Alexey\IdeaProjects\Vkusno\project, returning: (vkusno-build)
[debug]           Load.loadUnit: loadedProjectsRaw took 1346.6613ms
[debug]           Load.loadUnit: cleanEvalClasses took 2.693ms
[debug]         Load.loadUnit(file:/C:/Users/Alexey/IdeaProjects/Vkusno/project/, ...) took 1367.2109ms
[debug]       Load.apply: load took 1368.076ms
[debug]       Load.apply: resolveProjects took 0.0738ms
[debug]       Load.apply: finalTransforms took 5.2796ms
[debug]       Load.apply: config.delegates took 0.3796ms
[debug]       Load.apply: Def.make(settings)... took 54.4427ms
[debug]       Load.apply: structureIndex took 15.0956ms
[debug]       Load.apply: mkStreams took 0.0024ms
[info] loading project definition from C:\Users\Alexey\IdeaProjects\Vkusno\project
[debug] Running task... Cancel: Signal, check cycles: false, forcegc: true
[debug]     Load.loadUnit: plugins took 2207.3906ms
[debug]     Load.loadUnit: defsScala took 0.002ms
[debug] [Loading] Scanning directory C:\Users\Alexey\IdeaProjects\Vkusno
[debug]       Load.loadUnit: mkEval took 0.1634ms
[debug] [Loading] Found non-root projects 
[debug] [Loading] Done in C:\Users\Alexey\IdeaProjects\Vkusno, returning: ()
[debug] deducing auto plugins based on known facts Set(Atom(sbt.plugins.CorePlugin)) and clauses Clauses(List(Clause(Atom(sbt.plugins.JvmPlugin),Set(Atom(sbt.plugins.IvyPlugin))), Clause(Atom(sbt.ScriptedPlugin),Set(Atom(sbt.plugins.JvmPlugin))), Clause(Atom(sbt.plugins.SbtPlugin),Set(Atom(sbt.ScriptedPlugin))), Clause(Atom(sbt.plugins.SemanticdbPlugin),Set(Atom(sbt.plugins.JvmPlugin))), Clause(Atom(sbt.plugins.JUnitXmlReportPlugin),Set(Atom(sbt.plugins.JvmPlugin))), Clause(Atom(sbt.plugins.MiniDependencyTreePlugin),Set(Atom(sbt.plugins.JvmPlugin))), Clause(Atom(org.jetbrains.sbt.StructurePlugin),Set(Atom(sbt.plugins.JvmPlugin))), Clause(Atom(org.jetbrains.sbt.IdeaShellPlugin),Set(Atom(sbt.plugins.JvmPlugin))), Clause(Atom(org.jetbrains.sbt.indices.SbtIntellijIndicesPlugin),Set(Atom(sbt.plugins.JvmPlugin))), Clause(Atom(sbt.plugins.CorePlugin),Set(Atom(sbt.plugins.IvyPlugin))), Clause(Atom(sbt.plugins.IvyPlugin),Set(Atom(sbt.plugins.JvmPlugin))), Clause(Atom(sbt.plugins.JvmPlugin),Set(Atom(sbt.plugins.SemanticdbPlugin))), Clause(Atom(sbt.plugins.JvmPlugin),Set(Atom(sbt.plugins.JUnitXmlReportPlugin))), Clause(Atom(sbt.plugins.CorePlugin),Set(Atom(sbt.plugins.Giter8TemplatePlugin))), Clause(Atom(sbt.plugins.JvmPlugin),Set(Atom(sbt.plugins.MiniDependencyTreePlugin))), Clause(Atom(sbt.plugins.JvmPlugin),Set(Atom(org.jetbrains.sbt.StructurePlugin))), Clause(Atom(sbt.plugins.JvmPlugin),Set(Atom(org.jetbrains.sbt.IdeaShellPlugin))), Clause(And(Set(Atom(sbt.plugins.CorePlugin), Atom(sbt.plugins.JvmPlugin))),Set(Atom(org.jetbrains.sbt.indices.SbtIntellijIndicesPlugin)))))
[debug]   :: deduced result: Matched(sbt.plugins.CorePlugin,sbt.plugins.Giter8TemplatePlugin,sbt.plugins.IvyPlugin,sbt.plugins.JvmPlugin,sbt.plugins.SemanticdbPlugin,org.jetbrains.sbt.indices.SbtIntellijIndicesPlugin,sbt.plugins.JUnitXmlReportPlugin,org.jetbrains.sbt.IdeaShellPlugin,org.jetbrains.sbt.StructurePlugin,sbt.plugins.MiniDependencyTreePlugin)
[debug] Plugins.deducer#function took 1.2211 ms
[info] loading settings for project vkusno from build.sbt ...
[debug]         Load.resolveProject(vkusno) took 20.1995ms
[debug]       Load.loadTransitive: finalizeProject(Project(id vkusno, base: C:\Users\Alexey\IdeaProjects\Vkusno, plugins: List(<none>))) took 22.1932ms
[debug] [Loading] Done in C:\Users\Alexey\IdeaProjects\Vkusno, returning: (vkusno)
[debug]     Load.loadUnit: loadedProjectsRaw took 830.5613ms
[debug]     Load.loadUnit: cleanEvalClasses took 9.0235ms
[debug]   Load.loadUnit(file:/C:/Users/Alexey/IdeaProjects/Vkusno/, ...) took 3047.4888ms
[debug] Load.apply: load took 3048.679ms
[debug] Load.apply: resolveProjects took 0.0919ms
[debug] Load.apply: finalTransforms took 16.5031ms
[debug] Load.apply: config.delegates took 0.2469ms
[debug] Load.apply: Def.make(settings)... took 46.5199ms
[debug] Load.apply: structureIndex took 12.7763ms
[debug] Load.apply: mkStreams took 0.0023ms
[info] set current project to Vkusno (in build file:/C:/Users/Alexey/IdeaProjects/Vkusno/)
[debug] > Exec(sbtPopOnFailure, None, None)
[debug] > Exec(resumeFromFailure, None, None)
[debug] > Exec(notifyUsersAboutShell, None, None)
[debug] > Exec(iflast shell, None, None)
[debug] > Exec(; set ideaPort in Global := 57787 ; idea-shell, None, None)
[debug] > Exec(set ideaPort in Global := 57787, None, None)
[info] Defining Global / ideaPort
[info] The new value will be used by Compile / compile, Test / compile
[debug] Defining 
[debug] 	Global / ideaPort
[debug] 
[debug] The new value will be used by 
[debug] 	Compile / compile
[debug] 	Test / compile
[info] Reapplying settings...
[info] set current project to Vkusno (in build file:/C:/Users/Alexey/IdeaProjects/Vkusno/)
[debug] > Exec(idea-shell, None, None)
